Temp/gradleOut/unityLibrary/build/intermediates/manifest_merge_blame_file/release/manifest-merger-blame-release-report.txt
1<?xml version="1.0" encoding="utf-8"?>
2<!-- GENERATED BY UNITY. REMOVE THIS COMMENT TO PREVENT OVERWRITING WHEN EXPORTING AGAIN -->
3<manifest xmlns:android="http://schemas.android.com/apk/res/android"
4    xmlns:tools="http://schemas.android.com/tools"
5    package="com.unity3d.player"
6    android:versionCode="1"
7    android:versionName="1.0.5" >
8
9    <uses-sdk
10        android:minSdkVersion="19"
10-->src/main/AndroidManifest.xml
11        android:targetSdkVersion="29" />
11-->src/main/AndroidManifest.xml
12
13    <uses-feature android:glEsVersion="0x00030000" />
13-->src/main/AndroidManifest.xml:24:3-52
13-->src/main/AndroidManifest.xml:24:17-49
14    <uses-feature
14-->src/main/AndroidManifest.xml:25:3-91
15        android:name="android.hardware.vulkan.version"
15-->src/main/AndroidManifest.xml:25:17-63
16        android:required="false" />
16-->src/main/AndroidManifest.xml:25:64-88
17    <uses-feature
17-->src/main/AndroidManifest.xml:26:3-88
18        android:name="android.hardware.touchscreen"
18-->src/main/AndroidManifest.xml:26:17-60
19        android:required="false" />
19-->src/main/AndroidManifest.xml:26:61-85
20    <uses-feature
20-->src/main/AndroidManifest.xml:27:3-99
21        android:name="android.hardware.touchscreen.multitouch"
21-->src/main/AndroidManifest.xml:27:17-71
22        android:required="false" />
22-->src/main/AndroidManifest.xml:27:72-96
23    <uses-feature
23-->src/main/AndroidManifest.xml:28:3-108
24        android:name="android.hardware.touchscreen.multitouch.distinct"
24-->src/main/AndroidManifest.xml:28:17-80
25        android:required="false" />
25-->src/main/AndroidManifest.xml:28:81-105
26
27    <application>
27-->src/main/AndroidManifest.xml:4:3-23:17
28        <activity
28-->src/main/AndroidManifest.xml:5:5-12:16
29            android:name="com.unity3d.player.UnityPlayerActivity"
29-->src/main/AndroidManifest.xml:5:15-68
30            android:configChanges="mcc|mnc|locale|touchscreen|keyboard|keyboardHidden|navigation|orientation|screenLayout|uiMode|screenSize|smallestScreenSize|fontScale|layoutDirection|density"
30-->src/main/AndroidManifest.xml:5:180-361
31            android:hardwareAccelerated="false"
31-->src/main/AndroidManifest.xml:5:362-397
32            android:launchMode="singleTask"
32-->src/main/AndroidManifest.xml:5:148-179
33            android:screenOrientation="portrait"
33-->src/main/AndroidManifest.xml:5:111-147
34            android:theme="@style/UnityThemeSelector" >
34-->src/main/AndroidManifest.xml:5:69-110
35            <intent-filter>
35-->src/main/AndroidManifest.xml:6:7-9:23
36                <action android:name="android.intent.action.MAIN" />
36-->src/main/AndroidManifest.xml:7:9-61
36-->src/main/AndroidManifest.xml:7:17-58
37
38                <category android:name="android.intent.category.LAUNCHER" />
38-->src/main/AndroidManifest.xml:8:9-69
38-->src/main/AndroidManifest.xml:8:19-66
39            </intent-filter>
40
41            <meta-data
41-->src/main/AndroidManifest.xml:10:7-82
42                android:name="unityplayer.UnityActivity"
42-->src/main/AndroidManifest.xml:10:18-58
43                android:value="true" />
43-->src/main/AndroidManifest.xml:10:59-79
44            <meta-data
44-->src/main/AndroidManifest.xml:11:7-78
45                android:name="android.notch_support"
45-->src/main/AndroidManifest.xml:11:18-54
46                android:value="true" />
46-->src/main/AndroidManifest.xml:11:55-75
47        </activity>
48
49        <meta-data
49-->src/main/AndroidManifest.xml:13:5-69
50            android:name="unity.splash-mode"
50-->src/main/AndroidManifest.xml:13:16-48
51            android:value="0" />
51-->src/main/AndroidManifest.xml:13:49-66
52        <meta-data
52-->src/main/AndroidManifest.xml:14:5-74
53            android:name="unity.splash-enable"
53-->src/main/AndroidManifest.xml:14:16-50
54            android:value="True" />
54-->src/main/AndroidManifest.xml:14:51-71
55        <meta-data
55-->src/main/AndroidManifest.xml:15:5-81
56            android:name="notch.config"
56-->src/main/AndroidManifest.xml:15:16-43
57            android:value="portrait|landscape" />
57-->src/main/AndroidManifest.xml:15:44-78
58        <meta-data
58-->src/main/AndroidManifest.xml:16:5-101
59            android:name="unity.build-id"
59-->src/main/AndroidManifest.xml:16:16-45
60            android:value="fd036331-965e-4877-853e-0198e9890b12" />
60-->src/main/AndroidManifest.xml:16:46-98
61
62        <receiver
62-->src/main/AndroidManifest.xml:17:5-112
63            android:name="com.unity.androidnotifications.UnityNotificationManager"
63-->src/main/AndroidManifest.xml:17:15-85
64            android:exported="true" />
64-->src/main/AndroidManifest.xml:17:86-109
65        <receiver
65-->src/main/AndroidManifest.xml:18:5-22:16
66            android:name="com.unity.androidnotifications.UnityNotificationRestartOnBootReceiver"
66-->src/main/AndroidManifest.xml:18:15-99
67            android:enabled="false" >
67-->src/main/AndroidManifest.xml:18:100-123
68            <intent-filter>
68-->src/main/AndroidManifest.xml:19:7-21:23
69                <action android:name="android.intent.action.BOOT_COMPLETED" />
69-->src/main/AndroidManifest.xml:20:9-71
69-->src/main/AndroidManifest.xml:20:17-68
70            </intent-filter>
71        </receiver>
72    </application>
73
74</manifest>